<?xml version="1.0" encoding="UTF-8"?>
<!-- Generated by org.testng.reporters.JUnitReportReporter -->
<testsuite skipped="0" hostname="LAP-SRINIVAS" name="qa.mavenjava.AppiumTest" tests="2" failures="0" timestamp="06 Nov 2020 12:43:13 GMT" time="0.000" errors="0">
  <testcase name="test2" time="0.000" classname="qa.mavenjava.AppiumTest"/>
  <testcase name="test1" time="0.000" classname="qa.mavenjava.AppiumTest"/>
</testsuite> <!-- qa.mavenjava.AppiumTest -->
