<?xml version="1.0" encoding="UTF-8"?>
<!-- Generated by org.testng.reporters.JUnitReportReporter -->
<testsuite skipped="0" hostname="LAP-SRINIVAS" name="qa.mavenjava.SeleniumTest" tests="2" failures="0" timestamp="06 Nov 2020 12:43:13 GMT" time="0.000" errors="0">
  <testcase name="test5" time="0.000" classname="qa.mavenjava.SeleniumTest"/>
  <testcase name="test6" time="0.000" classname="qa.mavenjava.SeleniumTest"/>
</testsuite> <!-- qa.mavenjava.SeleniumTest -->
